running develop
running egg_info
creating main_pkg.egg-info
writing main_pkg.egg-info/PKG-INFO
writing dependency_links to main_pkg.egg-info/dependency_links.txt
writing entry points to main_pkg.egg-info/entry_points.txt
writing requirements to main_pkg.egg-info/requires.txt
writing top-level names to main_pkg.egg-info/top_level.txt
writing manifest file 'main_pkg.egg-info/SOURCES.txt'
reading manifest file 'main_pkg.egg-info/SOURCES.txt'
writing manifest file 'main_pkg.egg-info/SOURCES.txt'
running build_ext
Creating /home/liam/203ros_ws/install/main_pkg/lib/python3.10/site-packages/main-pkg.egg-link (link to .)

Installed /home/liam/203ros_ws/build/main_pkg
running symlink_data
creating /home/liam/203ros_ws/install/main_pkg/share/ament_index
creating /home/liam/203ros_ws/install/main_pkg/share/ament_index/resource_index
creating /home/liam/203ros_ws/install/main_pkg/share/ament_index/resource_index/packages
symbolically linking /home/liam/203ros_ws/build/main_pkg/resource/main_pkg -> /home/liam/203ros_ws/install/main_pkg/share/ament_index/resource_index/packages
symbolically linking /home/liam/203ros_ws/build/main_pkg/package.xml -> /home/liam/203ros_ws/install/main_pkg/share/main_pkg
creating /home/liam/203ros_ws/install/main_pkg/share/main_pkg/launch
symbolically linking /home/liam/203ros_ws/build/main_pkg/launch/view_robot.launch.py -> /home/liam/203ros_ws/install/main_pkg/share/main_pkg/launch
creating /home/liam/203ros_ws/install/main_pkg/share/main_pkg/description
symbolically linking /home/liam/203ros_ws/build/main_pkg/description/robot.urdf.xacro -> /home/liam/203ros_ws/install/main_pkg/share/main_pkg/description
symbolically linking /home/liam/203ros_ws/build/main_pkg/description/robot_core.xacro -> /home/liam/203ros_ws/install/main_pkg/share/main_pkg/description
creating /home/liam/203ros_ws/install/main_pkg/share/main_pkg/config
symbolically linking /home/liam/203ros_ws/build/main_pkg/config/robot_parameters.yaml -> /home/liam/203ros_ws/install/main_pkg/share/main_pkg/config
