running egg_info
creating ../../build/main_pkg/main_pkg.egg-info
writing ../../build/main_pkg/main_pkg.egg-info/PKG-INFO
writing dependency_links to ../../build/main_pkg/main_pkg.egg-info/dependency_links.txt
writing entry points to ../../build/main_pkg/main_pkg.egg-info/entry_points.txt
writing requirements to ../../build/main_pkg/main_pkg.egg-info/requires.txt
writing top-level names to ../../build/main_pkg/main_pkg.egg-info/top_level.txt
writing manifest file '../../build/main_pkg/main_pkg.egg-info/SOURCES.txt'
reading manifest file '../../build/main_pkg/main_pkg.egg-info/SOURCES.txt'
adding license file 'LICENSE'
writing manifest file '../../build/main_pkg/main_pkg.egg-info/SOURCES.txt'
running build
running build_py
creating /home/stedjof/203ros_ws/build/main_pkg/build
creating /home/stedjof/203ros_ws/build/main_pkg/build/lib
creating /home/stedjof/203ros_ws/build/main_pkg/build/lib/main_pkg
copying main_pkg/__init__.py -> /home/stedjof/203ros_ws/build/main_pkg/build/lib/main_pkg
copying main_pkg/send_message.py -> /home/stedjof/203ros_ws/build/main_pkg/build/lib/main_pkg
running install
running install_lib
creating /home/stedjof/203ros_ws/install/main_pkg/lib/python3.10/site-packages/main_pkg
copying /home/stedjof/203ros_ws/build/main_pkg/build/lib/main_pkg/__init__.py -> /home/stedjof/203ros_ws/install/main_pkg/lib/python3.10/site-packages/main_pkg
copying /home/stedjof/203ros_ws/build/main_pkg/build/lib/main_pkg/send_message.py -> /home/stedjof/203ros_ws/install/main_pkg/lib/python3.10/site-packages/main_pkg
byte-compiling /home/stedjof/203ros_ws/install/main_pkg/lib/python3.10/site-packages/main_pkg/__init__.py to __init__.cpython-310.pyc
byte-compiling /home/stedjof/203ros_ws/install/main_pkg/lib/python3.10/site-packages/main_pkg/send_message.py to send_message.cpython-310.pyc
running install_data
creating /home/stedjof/203ros_ws/install/main_pkg/share/ament_index
creating /home/stedjof/203ros_ws/install/main_pkg/share/ament_index/resource_index
creating /home/stedjof/203ros_ws/install/main_pkg/share/ament_index/resource_index/packages
copying resource/main_pkg -> /home/stedjof/203ros_ws/install/main_pkg/share/ament_index/resource_index/packages
copying package.xml -> /home/stedjof/203ros_ws/install/main_pkg/share/main_pkg
running install_egg_info
Copying ../../build/main_pkg/main_pkg.egg-info to /home/stedjof/203ros_ws/install/main_pkg/lib/python3.10/site-packages/main_pkg-0.0.0-py3.10.egg-info
running install_scripts
writing list of installed files to '/home/stedjof/203ros_ws/build/main_pkg/install.log'
