running egg_info
writing ../../build/main_pkg/main_pkg.egg-info/PKG-INFO
writing dependency_links to ../../build/main_pkg/main_pkg.egg-info/dependency_links.txt
writing entry points to ../../build/main_pkg/main_pkg.egg-info/entry_points.txt
writing requirements to ../../build/main_pkg/main_pkg.egg-info/requires.txt
writing top-level names to ../../build/main_pkg/main_pkg.egg-info/top_level.txt
reading manifest file '../../build/main_pkg/main_pkg.egg-info/SOURCES.txt'
adding license file 'LICENSE'
writing manifest file '../../build/main_pkg/main_pkg.egg-info/SOURCES.txt'
running build
running build_py
running install
running install_lib
running install_data
copying package.xml -> /home/stedjof/203ros_ws/install/main_pkg/share/main_pkg
running install_egg_info
removing '/home/stedjof/203ros_ws/install/main_pkg/lib/python3.10/site-packages/main_pkg-0.0.0-py3.10.egg-info' (and everything under it)
Copying ../../build/main_pkg/main_pkg.egg-info to /home/stedjof/203ros_ws/install/main_pkg/lib/python3.10/site-packages/main_pkg-0.0.0-py3.10.egg-info
running install_scripts
Installing send_message script to /home/stedjof/203ros_ws/install/main_pkg/lib/main_pkg
writing list of installed files to '/home/stedjof/203ros_ws/build/main_pkg/install.log'
