[0.347s] Invoking command in '/home/stedjof/203ros_ws/src/main_pkg': PYTHONPATH=/home/stedjof/203ros_ws/build/main_pkg/prefix_override:/usr/lib/python3/dist-packages/colcon_core/task/python/colcon_distutils_commands:/home/stedjof/203ros_ws/install/main_pkg/lib/python3.10/site-packages:${PYTHONPATH} /usr/bin/python3 -W ignore:setup.py install is deprecated -W ignore:easy_install command is deprecated setup.py egg_info --egg-base ../../build/main_pkg build --build-base /home/stedjof/203ros_ws/build/main_pkg/build install --record /home/stedjof/203ros_ws/build/main_pkg/install.log --single-version-externally-managed install_data
[0.480s] running egg_info
[0.481s] writing ../../build/main_pkg/main_pkg.egg-info/PKG-INFO
[0.481s] writing dependency_links to ../../build/main_pkg/main_pkg.egg-info/dependency_links.txt
[0.481s] writing entry points to ../../build/main_pkg/main_pkg.egg-info/entry_points.txt
[0.481s] writing requirements to ../../build/main_pkg/main_pkg.egg-info/requires.txt
[0.482s] writing top-level names to ../../build/main_pkg/main_pkg.egg-info/top_level.txt
[0.483s] reading manifest file '../../build/main_pkg/main_pkg.egg-info/SOURCES.txt'
[0.483s] adding license file 'LICENSE'
[0.484s] writing manifest file '../../build/main_pkg/main_pkg.egg-info/SOURCES.txt'
[0.484s] running build
[0.484s] running build_py
[0.484s] running install
[0.484s] running install_lib
[0.485s] running install_data
[0.485s] copying package.xml -> /home/stedjof/203ros_ws/install/main_pkg/share/main_pkg
[0.485s] running install_egg_info
[0.486s] removing '/home/stedjof/203ros_ws/install/main_pkg/lib/python3.10/site-packages/main_pkg-0.0.0-py3.10.egg-info' (and everything under it)
[0.487s] Copying ../../build/main_pkg/main_pkg.egg-info to /home/stedjof/203ros_ws/install/main_pkg/lib/python3.10/site-packages/main_pkg-0.0.0-py3.10.egg-info
[0.487s] running install_scripts
[0.499s] Installing send_message script to /home/stedjof/203ros_ws/install/main_pkg/lib/main_pkg
[0.499s] writing list of installed files to '/home/stedjof/203ros_ws/build/main_pkg/install.log'
[0.510s] Invoked command in '/home/stedjof/203ros_ws/src/main_pkg' returned '0': PYTHONPATH=/home/stedjof/203ros_ws/build/main_pkg/prefix_override:/usr/lib/python3/dist-packages/colcon_core/task/python/colcon_distutils_commands:/home/stedjof/203ros_ws/install/main_pkg/lib/python3.10/site-packages:${PYTHONPATH} /usr/bin/python3 -W ignore:setup.py install is deprecated -W ignore:easy_install command is deprecated setup.py egg_info --egg-base ../../build/main_pkg build --build-base /home/stedjof/203ros_ws/build/main_pkg/build install --record /home/stedjof/203ros_ws/build/main_pkg/install.log --single-version-externally-managed install_data
